<?xml version='1.0' encoding='UTF-8'?>
<testsuite hostname="kncycltrbbo" name="counter.CounterTester" tests="2" errors="0" failures="0" skipped="0" time="16.865" timestamp="2022-08-27T15:25:44">
          <properties>
[...]
</properties>
          <testcase classname="counter.CounterTester" name="compile" time="16.833">
                      
                    </testcase><testcase classname="counter.CounterTester" name="testbench" time="0.032">
                      
                    </testcase>
          <system-out><![CDATA[]]></system-out>
          <system-err><![CDATA[]]></system-err>
        </testsuite>